[0m[[0m[0mdebug[0m] [0m[0m> Exec(early(addDefaultCommands), None, None)[0m[0J
[0m[[0m[0mdebug[0m] [0m[0m> Exec(addDefaultCommands, None, None)[0m[0J
[0m[[0m[0mdebug[0m] [0m[0m> Exec(early(initialize), None, None)[0m[0J
[0m[[0m[0mdebug[0m] [0m[0m> Exec(initialize, None, None)[0m[0J
[0m[[0m[0mdebug[0m] [0m[0m> Exec(boot, None, None)[0m[0J
[0m[[0m[0mdebug[0m] [0m[0m> Exec(writeSbtVersion, None, None)[0m[0J
[0m[[0m[0mdebug[0m] [0m[0m> Exec(reload, None, None)[0m[0J
[0m[[0m[0mdebug[0m] [0m[0m> Exec(sbtStashOnFailure, None, None)[0m[0J
[0m[[0m[0mdebug[0m] [0m[0m> Exec(onFailure loadFailed, None, None)[0m[0J
[0m[[0m[0mdebug[0m] [0m[0m> Exec(loadp, None, None)[0m[0J
[0m[[0m[0minfo[0m] [0m[0mwelcome to sbt 1.4.0 (N/A Java 14.0.1)[0m[0J
[0m[[0m[0mdebug[0m] [0m[0m      Load.loadUnit: plugins took 86.079358ms[0m[0J
[0m[[0m[0mdebug[0m] [0m[0m      Load.loadUnit: defsScala took 0.263137ms[0m[0J
[0m[[0m[0mdebug[0m] [0m[0m[Loading] Scanning directory /Users/jacobsanchez/.sbt/1.0/plugins[0m[0J
[0m[[0m[0mdebug[0m] [0m[0m[Loading] Found non-root projects [0m[0J
[0m[[0m[0mdebug[0m] [0m[0m[Loading] Done in /Users/jacobsanchez/.sbt/1.0/plugins, returning: ()[0m[0J
[0m[[0m[0mdebug[0m] [0m[0mdeducing auto plugins based on known facts Set(Atom(sbt.plugins.CorePlugin)) and clauses Clauses(List(Clause(Atom(sbt.plugins.JvmPlugin),Set(Atom(sbt.plugins.IvyPlugin))), Clause(Atom(sbt.ScriptedPlugin),Set(Atom(sbt.plugins.JvmPlugin))), Clause(Atom(sbt.plugins.SbtPlugin),Set(Atom(sbt.ScriptedPlugin))), Clause(Atom(sbt.plugins.SemanticdbPlugin),Set(Atom(sbt.plugins.JvmPlugin))), Clause(Atom(sbt.plugins.JUnitXmlReportPlugin),Set(Atom(sbt.plugins.JvmPlugin))), Clause(Atom(sbt.plugins.MiniDependencyTreePlugin),Set(Atom(sbt.plugins.JvmPlugin))), Clause(Atom(sbt.plugins.CorePlugin),Set(Atom(sbt.plugins.IvyPlugin))), Clause(Atom(sbt.plugins.IvyPlugin),Set(Atom(sbt.plugins.JvmPlugin))), Clause(Atom(sbt.plugins.JvmPlugin),Set(Atom(sbt.plugins.SemanticdbPlugin))), Clause(Atom(sbt.plugins.JvmPlugin),Set(Atom(sbt.plugins.JUnitXmlReportPlugin))), Clause(Atom(sbt.plugins.CorePlugin),Set(Atom(sbt.plugins.Giter8TemplatePlugin))), Clause(Atom(sbt.plugins.JvmPlugin),Set(Atom(sbt.plugins.MiniDependencyTreePlugin)))))[0m[0J
[0m[[0m[0mdebug[0m] [0m[0m  :: deduced result: Matched(sbt.plugins.CorePlugin,sbt.plugins.Giter8TemplatePlugin,sbt.plugins.IvyPlugin,sbt.plugins.JvmPlugin,sbt.plugins.MiniDependencyTreePlugin,sbt.plugins.JUnitXmlReportPlugin,sbt.plugins.SemanticdbPlugin)[0m[0J
[0m[[0m[0mdebug[0m] [0m[0mPlugins.deducer#function took 18.831528 ms[0m[0J
[0m[[0m[0mdebug[0m] [0m[0m          Load.resolveProject(global-plugins) took 39.987269ms[0m[0J
[0m[[0m[0mdebug[0m] [0m[0m        Load.loadTransitive: finalizeProject(Project(id global-plugins, base: /Users/jacobsanchez/.sbt/1.0/plugins, plugins: List(<none>))) took 75.632001ms[0m[0J
[0m[[0m[0mdebug[0m] [0m[0m[Loading] Done in /Users/jacobsanchez/.sbt/1.0/plugins, returning: (global-plugins)[0m[0J
[0m[[0m[0mdebug[0m] [0m[0m      Load.loadUnit: loadedProjectsRaw took 95.916984ms[0m[0J
[0m[[0m[0mdebug[0m] [0m[0m      Load.loadUnit: cleanEvalClasses took 0.214846ms[0m[0J
[0m[[0m[0mdebug[0m] [0m[0m    Load.loadUnit(file:/Users/jacobsanchez/.sbt/1.0/plugins/, ...) took 189.250835ms[0m[0J
[0m[[0m[0mdebug[0m] [0m[0m  Load.apply: load took 493.143568ms[0m[0J
[0m[[0m[0mdebug[0m] [0m[0m  Load.apply: resolveProjects took 4.774681ms[0m[0J
[0m[[0m[0mdebug[0m] [0m[0m  Load.apply: finalTransforms took 71.820702ms[0m[0J
[0m[[0m[0mdebug[0m] [0m[0m  Load.apply: config.delegates took 7.342516ms[0m[0J
[0m[[0m[0mdebug[0m] [0m[0m  Load.apply: Def.make(settings)... took 295.934069ms[0m[0J
[0m[[0m[0mdebug[0m] [0m[0m  Load.apply: structureIndex took 85.217107ms[0m[0J
[0m[[0m[0mdebug[0m] [0m[0m  Load.apply: mkStreams took 1.706893ms[0m[0J
[0m[[0m[0minfo[0m] [0m[0mloading global plugins from /Users/jacobsanchez/.sbt/1.0/plugins[0m[0J
[0m[[0m[0mdebug[0m] [0m[0mRunning task... Cancel: Signal, check cycles: false, forcegc: true[0m[0J
[0m[[0m[0mdebug[0m] [0m[0mLoad.defaultLoad until apply took 2287.955563ms[0m[0J
[0m[[0m[0mdebug[0m] [0m[0m          Load.loadUnit: plugins took 16.344868ms[0m[0J
[0m[[0m[0mdebug[0m] [0m[0m          Load.loadUnit: defsScala took 0.004817ms[0m[0J
[0m[[0m[0mdebug[0m] [0m[0m[Loading] Scanning directory /Users/jacobsanchez/IdeaProjects/CS441/project[0m[0J
[0m[[0m[0mdebug[0m] [0m[0m            Load.loadUnit: mkEval took 4.54273ms[0m[0J
[0m[[0m[0mdebug[0m] [0m[0m[Loading] Found non-root projects [0m[0J
[0m[[0m[0mdebug[0m] [0m[0m[Loading] Done in /Users/jacobsanchez/IdeaProjects/CS441/project, returning: ()[0m[0J
[0m[[0m[0mdebug[0m] [0m[0mdeducing auto plugins based on known facts Set(Atom(sbt.plugins.CorePlugin)) and clauses Clauses(List(Clause(Atom(sbt.plugins.JvmPlugin),Set(Atom(sbt.plugins.IvyPlugin))), Clause(Atom(sbt.ScriptedPlugin),Set(Atom(sbt.plugins.JvmPlugin))), Clause(Atom(sbt.plugins.SbtPlugin),Set(Atom(sbt.ScriptedPlugin))), Clause(Atom(sbt.plugins.SemanticdbPlugin),Set(Atom(sbt.plugins.JvmPlugin))), Clause(Atom(sbt.plugins.JUnitXmlReportPlugin),Set(Atom(sbt.plugins.JvmPlugin))), Clause(Atom(sbt.plugins.MiniDependencyTreePlugin),Set(Atom(sbt.plugins.JvmPlugin))), Clause(Atom(sbt.plugins.CorePlugin),Set(Atom(sbt.plugins.IvyPlugin))), Clause(Atom(sbt.plugins.IvyPlugin),Set(Atom(sbt.plugins.JvmPlugin))), Clause(Atom(sbt.plugins.JvmPlugin),Set(Atom(sbt.plugins.SemanticdbPlugin))), Clause(Atom(sbt.plugins.JvmPlugin),Set(Atom(sbt.plugins.JUnitXmlReportPlugin))), Clause(Atom(sbt.plugins.CorePlugin),Set(Atom(sbt.plugins.Giter8TemplatePlugin))), Clause(Atom(sbt.plugins.JvmPlugin),Set(Atom(sbt.plugins.MiniDependencyTreePlugin)))))[0m[0J
[0m[[0m[0mdebug[0m] [0m[0m  :: deduced result: Matched(sbt.plugins.CorePlugin,sbt.plugins.Giter8TemplatePlugin,sbt.plugins.IvyPlugin,sbt.plugins.JvmPlugin,sbt.plugins.MiniDependencyTreePlugin,sbt.plugins.JUnitXmlReportPlugin,sbt.plugins.SemanticdbPlugin)[0m[0J
[0m[[0m[0mdebug[0m] [0m[0mPlugins.deducer#function took 1.83999 ms[0m[0J
[0m[[0m[0minfo[0m] [0m[0mloading settings for project cs441-build from assembly.sbt ...[0m[0J
[0m[[0m[0mdebug[0m] [0m[0m              Load.resolveProject(cs441-build) took 3.912676ms[0m[0J
[0m[[0m[0mdebug[0m] [0m[0m            Load.loadTransitive: finalizeProject(Project(id cs441-build, base: /Users/jacobsanchez/IdeaProjects/CS441/project, plugins: List(<none>))) took 6.339387ms[0m[0J
[0m[[0m[0mdebug[0m] [0m[0m[Loading] Done in /Users/jacobsanchez/IdeaProjects/CS441/project, returning: (cs441-build)[0m[0J
[0m[[0m[0mdebug[0m] [0m[0m          Load.loadUnit: loadedProjectsRaw took 113.654093ms[0m[0J
[0m[[0m[0mdebug[0m] [0m[0m          Load.loadUnit: cleanEvalClasses took 3.514401ms[0m[0J
[0m[[0m[0mdebug[0m] [0m[0m        Load.loadUnit(file:/Users/jacobsanchez/IdeaProjects/CS441/project/, ...) took 134.153066ms[0m[0J
[0m[[0m[0mdebug[0m] [0m[0m      Load.apply: load took 135.724317ms[0m[0J
[0m[[0m[0mdebug[0m] [0m[0m      Load.apply: resolveProjects took 0.118913ms[0m[0J
[0m[[0m[0mdebug[0m] [0m[0m      Load.apply: finalTransforms took 13.702565ms[0m[0J
[0m[[0m[0mdebug[0m] [0m[0m      Load.apply: config.delegates took 0.368293ms[0m[0J
[0m[[0m[0mdebug[0m] [0m[0m      Load.apply: Def.make(settings)... took 72.247025ms[0m[0J
[0m[[0m[0mdebug[0m] [0m[0m      Load.apply: structureIndex took 30.088151ms[0m[0J
[0m[[0m[0mdebug[0m] [0m[0m      Load.apply: mkStreams took 0.002577ms[0m[0J
[0m[[0m[0minfo[0m] [0m[0mloading project definition from /Users/jacobsanchez/IdeaProjects/CS441/project[0m[0J
[0m[[0m[0mdebug[0m] [0m[0mRunning task... Cancel: Signal, check cycles: false, forcegc: true[0m[0J
[0m[[0m[0mdebug[0m] [0m[0m    Load.loadUnit: plugins took 509.373651ms[0m[0J
[0m[[0m[0mdebug[0m] [0m[0m    Load.loadUnit: defsScala took 0.00379ms[0m[0J
[0m[[0m[0mdebug[0m] [0m[0m[Loading] Scanning directory /Users/jacobsanchez/IdeaProjects/CS441[0m[0J
[0m[[0m[0mdebug[0m] [0m[0m      Load.loadUnit: mkEval took 0.339976ms[0m[0J
[0m[[0m[0mdebug[0m] [0m[0m[Loading] Found non-root projects [0m[0J
[0m[[0m[0mdebug[0m] [0m[0m[Loading] Done in /Users/jacobsanchez/IdeaProjects/CS441, returning: ()[0m[0J
[0m[[0m[0mdebug[0m] [0m[0mdeducing auto plugins based on known facts Set(Atom(sbt.plugins.CorePlugin)) and clauses Clauses(List(Clause(Atom(sbt.plugins.JvmPlugin),Set(Atom(sbt.plugins.IvyPlugin))), Clause(Atom(sbt.ScriptedPlugin),Set(Atom(sbt.plugins.JvmPlugin))), Clause(Atom(sbt.plugins.SbtPlugin),Set(Atom(sbt.ScriptedPlugin))), Clause(Atom(sbt.plugins.SemanticdbPlugin),Set(Atom(sbt.plugins.JvmPlugin))), Clause(Atom(sbt.plugins.JUnitXmlReportPlugin),Set(Atom(sbt.plugins.JvmPlugin))), Clause(Atom(sbt.plugins.MiniDependencyTreePlugin),Set(Atom(sbt.plugins.JvmPlugin))), Clause(Atom(sbtassembly.AssemblyPlugin),Set(Atom(sbt.plugins.JvmPlugin))), Clause(Atom(sbt.plugins.CorePlugin),Set(Atom(sbt.plugins.IvyPlugin))), Clause(Atom(sbt.plugins.IvyPlugin),Set(Atom(sbt.plugins.JvmPlugin))), Clause(Atom(sbt.plugins.JvmPlugin),Set(Atom(sbt.plugins.SemanticdbPlugin))), Clause(Atom(sbt.plugins.JvmPlugin),Set(Atom(sbt.plugins.JUnitXmlReportPlugin))), Clause(Atom(sbt.plugins.CorePlugin),Set(Atom(sbt.plugins.Giter8TemplatePlugin))), Clause(Atom(sbt.plugins.JvmPlugin),Set(Atom(sbt.plugins.MiniDependencyTreePlugin))), Clause(Atom(sbt.plugins.JvmPlugin),Set(Atom(sbtassembly.AssemblyPlugin)))))[0m[0J
[0m[[0m[0mdebug[0m] [0m[0m  :: deduced result: Matched(sbt.plugins.CorePlugin,sbt.plugins.Giter8TemplatePlugin,sbt.plugins.IvyPlugin,sbt.plugins.JvmPlugin,sbtassembly.AssemblyPlugin,sbt.plugins.MiniDependencyTreePlugin,sbt.plugins.JUnitXmlReportPlugin,sbt.plugins.SemanticdbPlugin)[0m[0J
[0m[[0m[0mdebug[0m] [0m[0mPlugins.deducer#function took 1.317702 ms[0m[0J
[0m[[0m[0minfo[0m] [0m[0mloading settings for project cs441 from build.sbt ...[0m[0J
[0m[[0m[0mdebug[0m] [0m[0m        Load.resolveProject(cs441) took 22.568641ms[0m[0J
[0m[[0m[0mdebug[0m] [0m[0m      Load.loadTransitive: finalizeProject(Project(id cs441, base: /Users/jacobsanchez/IdeaProjects/CS441, plugins: List(<none>))) took 24.447575ms[0m[0J
[0m[[0m[0mdebug[0m] [0m[0m[Loading] Done in /Users/jacobsanchez/IdeaProjects/CS441, returning: (cs441)[0m[0J
[0m[[0m[0mdebug[0m] [0m[0m    Load.loadUnit: loadedProjectsRaw took 73.103925ms[0m[0J
[0m[[0m[0mdebug[0m] [0m[0m    Load.loadUnit: cleanEvalClasses took 2.202627ms[0m[0J
[0m[[0m[0mdebug[0m] [0m[0m  Load.loadUnit(file:/Users/jacobsanchez/IdeaProjects/CS441/, ...) took 585.384108ms[0m[0J
[0m[[0m[0mdebug[0m] [0m[0mLoad.apply: load took 587.014304ms[0m[0J
[0m[[0m[0mdebug[0m] [0m[0mLoad.apply: resolveProjects took 0.123282ms[0m[0J
[0m[[0m[0mdebug[0m] [0m[0mLoad.apply: finalTransforms took 6.68352ms[0m[0J
[0m[[0m[0mdebug[0m] [0m[0mLoad.apply: config.delegates took 0.274949ms[0m[0J
[0m[[0m[0mdebug[0m] [0m[0mLoad.apply: Def.make(settings)... took 59.906318ms[0m[0J
[0m[[0m[0mdebug[0m] [0m[0mLoad.apply: structureIndex took 26.539893ms[0m[0J
[0m[[0m[0mdebug[0m] [0m[0mLoad.apply: mkStreams took 0.002972ms[0m[0J
[0m[[0m[0minfo[0m] [0m[0mset current project to CS441 (in build file:/Users/jacobsanchez/IdeaProjects/CS441/)[0m[0J
[0m[[0m[0mdebug[0m] [0m[0m> Exec(sbtPopOnFailure, None, None)[0m[0J
[0m[[0m[0mdebug[0m] [0m[0m> Exec(resumeFromFailure, None, None)[0m[0J
[0m[[0m[0mdebug[0m] [0m[0m> Exec(notifyUsersAboutShell, None, None)[0m[0J
[0m[[0m[0minfo[0m] [0m[0mExecuting in batch mode. For better performance use sbt's shell[0m[0J
[0m[[0m[0mdebug[0m] [0m[0m> Exec(iflast shell, None, None)[0m[0J
[0m[[0m[0mdebug[0m] [0m[0m> Exec(clean, None, None)[0m[0J
[0m[[0m[0mdebug[0m] [0m[0mEvaluating tasks: clean[0m[0J
[0m[[0m[0mdebug[0m] [0m[0mRunning task... Cancel: Signal, check cycles: false, forcegc: true[0m[0J
[0m[[0m[32msuccess[0m] [0m[0mTotal time: 0 s, completed Oct 14, 2020, 11:56:56 AM[0m[0J
[0m[[0m[0mdebug[0m] [0m[0m> Exec(compile, None, None)[0m[0J
[0m[[0m[0mdebug[0m] [0m[0mEvaluating tasks: Compile / compile[0m[0J
[0m[[0m[0mdebug[0m] [0m[0mRunning task... Cancel: Signal, check cycles: false, forcegc: true[0m[0J
[0m[[0m[33mwarn[0m] [0m[0mThere may be incompatibilities among your library dependencies; run 'evicted' to see detailed eviction warnings.[0m[0J
[0m[[0m[0minfo[0m] [0m[0mcompiling 1 Scala source to /Users/jacobsanchez/IdeaProjects/CS441/target/scala-2.13/classes ...[0m[0J
[0m[[0m[32msuccess[0m] [0m[0mTotal time: 4 s, completed Oct 14, 2020, 11:57:00 AM[0m[0J
[0m[[0m[0mdebug[0m] [0m[0m> Exec(run, None, None)[0m[0J
[0m[[0m[0mdebug[0m] [0m[0mEvaluating tasks: Compile / run[0m[0J
[0m[[0m[0mdebug[0m] [0m[0mRunning task... Cancel: Signal, check cycles: false, forcegc: true[0m[0J
